
> vibe-generated-app@1.0.0 dev
> vite


  VITE v5.4.20  ready in 286 ms

  ➜  Local:   http://localhost:3000/
  ➜  Network: http://172.20.8.16:3000/
6:08:40 PM [vite] Pre-transform error: Transform failed with 1 error:
/home/workspace/src/components/ContactCTA.jsx:47:173: ERROR: Expected identifier but found "--"
6:08:41 PM [vite] ✨ new dependencies optimized: lucide-react, framer-motion, @splinetool/react-spline
6:08:41 PM [vite] ✨ optimized dependencies changed. reloading
The file does not exist at "/home/workspace/node_modules/.vite/deps/chunk-XPR23Y44.js?v=35394813" which is in the optimize deps directory. The dependency might be incompatible with the dep optimizer. Try adding it to `optimizeDeps.exclude`.
6:08:42 PM [vite] Internal server error: Transform failed with 1 error:
/home/workspace/src/components/ContactCTA.jsx:47:173: ERROR: Expected identifier but found "--"
  Plugin: vite:esbuild
  File: /home/workspace/src/components/ContactCTA.jsx:47:173
  
  Expected identifier but found "--"
  45 |                  <div>
  46 |                    <label className="text-sm text-gray-600 dark:text-gray-300">Name</label>
  47 |                    <input required className="mt-1 w-full rounded-md border border-gray-200 dark:border-white/10 bg-transparent px-3 py-2 outline-none focus:ring-2" style={{ --ring: BRAND_BLUE }} />
     |                                                                                                                                                                               ^
  48 |                  </div>
  49 |                  <div>
  
      at failureErrorWithLog (/home/workspace/node_modules/esbuild/lib/main.js:1472:15)
      at /home/workspace/node_modules/esbuild/lib/main.js:755:50
      at responseCallbacks.<computed> (/home/workspace/node_modules/esbuild/lib/main.js:622:9)
      at handleIncomingPacket (/home/workspace/node_modules/esbuild/lib/main.js:677:12)
      at Socket.readFromStdout (/home/workspace/node_modules/esbuild/lib/main.js:600:7)
      at Socket.emit (node:events:508:28)
      at addChunk (node:internal/streams/readable:559:12)
      at readableAddChunkPushByteMode (node:internal/streams/readable:510:3)
      at Readable.push (node:internal/streams/readable:390:5)
      at Pipe.onStreamRead (node:internal/stream_base_commons:189:23)
The file does not exist at "/home/workspace/node_modules/.vite/deps/chunk-XPR23Y44.js?v=35394813" which is in the optimize deps directory. The dependency might be incompatible with the dep optimizer. Try adding it to `optimizeDeps.exclude`.
6:08:43 PM [vite] Pre-transform error: Transform failed with 1 error:
/home/workspace/src/components/ContactCTA.jsx:47:173: ERROR: Expected identifier but found "--"
